GROMACS:    gmx pdb2gmx, VERSION 5.0.1

GROMACS is written by:
Emile Apol         Rossen Apostolov   Herman J.C. Berendsen Par Bjelkmar       
Aldert van Buuren  Rudi van Drunen    Anton Feenstra     Sebastian Fritsch  
Gerrit Groenhof    Christoph Junghans Peter Kasson       Carsten Kutzner    
Per Larsson        Justin A. Lemkul   Magnus Lundborg    Pieter Meulenhoff  
Erik Marklund      Teemu Murtola      Szilard Pall       Sander Pronk       
Roland Schulz      Alexey Shvetsov    Michael Shirts     Alfons Sijbers     
Peter Tieleman     Christian Wennberg Maarten Wolf       
and the project leaders:
Mark Abraham, Berk Hess, Erik Lindahl, and David van der Spoel

Copyright (c) 1991-2000, University of Groningen, The Netherlands.
Copyright (c) 2001-2014, The GROMACS development team at
Uppsala University, Stockholm University and
the Royal Institute of Technology, Sweden.
check out http://www.gromacs.org for more information.

GROMACS is free software; you can redistribute it and/or modify it
under the terms of the GNU Lesser General Public License
as published by the Free Software Foundation; either version 2.1
of the License, or (at your option) any later version.

GROMACS:      gmx pdb2gmx, VERSION 5.0.1
Executable:   /usr/local/gromacs/bin/gmx
Library dir:  /usr/local/gromacs/share/gromacs/top
Command line:
  gmx pdb2gmx -f ../../../../truncpdbs/1oa7.pdb -o 1oa7.gro -water spce -missing -ff oplsaa

Opening force field file /usr/local/gromacs/share/gromacs/top/oplsaa.ff/aminoacids.r2b

-------------------------------------------------------
Program gmx, VERSION 5.0.1
Source code file: /home/mikhail/Development/Programs/gromacs-5.0.1/src/gromacs/fileio/futil.cpp, line: 545

File input/output error:
../../../../truncpdbs/1oa7.pdb
For more information and tips for troubleshooting, please check the GROMACS
website at http://www.gromacs.org/Documentation/Errors
-------------------------------------------------------

